# JRE version: Java(TM) SE Runtime Environment (8.0_101-b13) (build 1.8.0_101-b13)
# Java VM: Java HotSpot(TM) 64-Bit Server VM (25.101-b13 mixed mode windows-amd64 compressed oops)
Heap:
 PSYoungGen      total 388096K, used 58394K [0x00000000d5e00000, 0x00000000f0f00000, 0x0000000100000000)
  eden space 379904K, 13% used [0x00000000d5e00000,0x00000000d8f1cd50,0x00000000ed100000)
  from space 8192K, 98% used [0x00000000ee000000,0x00000000ee7e9b80,0x00000000ee800000)
  to   space 31744K, 0% used [0x00000000ef000000,0x00000000ef000000,0x00000000f0f00000)
 ParOldGen       total 163328K, used 45947K [0x0000000081a00000, 0x000000008b980000, 0x00000000d5e00000)
  object space 163328K, 28% used [0x0000000081a00000,0x00000000846defb8,0x000000008b980000)
 Metaspace       used 65346K, capacity 66306K, committed 66648K, reserved 1107968K
  class space    used 7508K, capacity 7733K, committed 7808K, reserved 1048576K
GC Heap History (10 events):
Event: 18.612 GC heap before
{Heap before GC invocations=16 (full 2):
 PSYoungGen      total 297472K, used 297469K [0x00000000d5e00000, 0x00000000ed300000, 0x0000000100000000)
  eden space 278016K, 100% used [0x00000000d5e00000,0x00000000e6d80000,0x00000000e6d80000)
  from space 19456K, 99% used [0x00000000e6d80000,0x00000000e807f7b8,0x00000000e8080000)
  to   space 24064K, 0% used [0x00000000ebb80000,0x00000000ebb80000,0x00000000ed300000)
 ParOldGen       total 102912K, used 28049K [0x0000000081a00000, 0x0000000087e80000, 0x00000000d5e00000)
  object space 102912K, 27% used [0x0000000081a00000,0x0000000083564430,0x0000000087e80000)
 Metaspace       used 53126K, capacity 53844K, committed 54144K, reserved 1097728K
  class space    used 6325K, capacity 6492K, committed 6528K, reserved 1048576K
Event: 18.644 GC heap after
Heap after GC invocations=16 (full 2):
 PSYoungGen      total 352256K, used 24036K [0x00000000d5e00000, 0x00000000eea00000, 0x0000000100000000)
  eden space 328192K, 0% used [0x00000000d5e00000,0x00000000d5e00000,0x00000000e9e80000)
  from space 24064K, 99% used [0x00000000ebb80000,0x00000000ed2f9278,0x00000000ed300000)
  to   space 29696K, 0% used [0x00000000e9e80000,0x00000000e9e80000,0x00000000ebb80000)
 ParOldGen       total 102912K, used 33530K [0x0000000081a00000, 0x0000000087e80000, 0x00000000d5e00000)
  object space 102912K, 32% used [0x0000000081a00000,0x0000000083abe868,0x0000000087e80000)
 Metaspace       used 53126K, capacity 53844K, committed 54144K, reserved 1097728K
  class space    used 6325K, capacity 6492K, committed 6528K, reserved 1048576K
}
Event: 21.127 GC heap before
{Heap before GC invocations=17 (full 2):
 PSYoungGen      total 352256K, used 352228K [0x00000000d5e00000, 0x00000000eea00000, 0x0000000100000000)
  eden space 328192K, 100% used [0x00000000d5e00000,0x00000000e9e80000,0x00000000e9e80000)
  from space 24064K, 99% used [0x00000000ebb80000,0x00000000ed2f9278,0x00000000ed300000)
  to   space 29696K, 0% used [0x00000000e9e80000,0x00000000e9e80000,0x00000000ebb80000)
 ParOldGen       total 102912K, used 33530K [0x0000000081a00000, 0x0000000087e80000, 0x00000000d5e00000)
  object space 102912K, 32% used [0x0000000081a00000,0x0000000083abe868,0x0000000087e80000)
 Metaspace       used 57287K, capacity 58008K, committed 58240K, reserved 1099776K
  class space    used 6873K, capacity 7026K, committed 7040K, reserved 1048576K
Event: 21.165 GC heap after
Heap after GC invocations=17 (full 2):
 PSYoungGen      total 357888K, used 22716K [0x00000000d5e00000, 0x00000000f2a80000, 0x0000000100000000)
  eden space 328192K, 0% used [0x00000000d5e00000,0x00000000d5e00000,0x00000000e9e80000)
  from space 29696K, 76% used [0x00000000e9e80000,0x00000000eb4af058,0x00000000ebb80000)
  to   space 31744K, 0% used [0x00000000f0b80000,0x00000000f0b80000,0x00000000f2a80000)
 ParOldGen       total 102912K, used 43166K [0x0000000081a00000, 0x0000000087e80000, 0x00000000d5e00000)
  object space 102912K, 41% used [0x0000000081a00000,0x0000000084427a78,0x0000000087e80000)
 Metaspace       used 57287K, capacity 58008K, committed 58240K, reserved 1099776K
  class space    used 6873K, capacity 7026K, committed 7040K, reserved 1048576K
}
Event: 58.421 GC heap before
{Heap before GC invocations=18 (full 2):
 PSYoungGen      total 357888K, used 73053K [0x00000000d5e00000, 0x00000000f2a80000, 0x0000000100000000)
  eden space 328192K, 15% used [0x00000000d5e00000,0x00000000d8f28710,0x00000000e9e80000)
  from space 29696K, 76% used [0x00000000e9e80000,0x00000000eb4af058,0x00000000ebb80000)
  to   space 31744K, 0% used [0x00000000f0b80000,0x00000000f0b80000,0x00000000f2a80000)
 ParOldGen       total 102912K, used 43166K [0x0000000081a00000, 0x0000000087e80000, 0x00000000d5e00000)
  object space 102912K, 41% used [0x0000000081a00000,0x0000000084427a78,0x0000000087e80000)
 Metaspace       used 58289K, capacity 59020K, committed 59096K, reserved 1101824K
  class space    used 6990K, capacity 7164K, committed 7168K, reserved 1048576K
Event: 58.441 GC heap after
Heap after GC invocations=18 (full 2):
 PSYoungGen      total 415232K, used 19558K [0x00000000d5e00000, 0x00000000f1f00000, 0x0000000100000000)
  eden space 395264K, 0% used [0x00000000d5e00000,0x00000000d5e00000,0x00000000ee000000)
  from space 19968K, 97% used [0x00000000f0b80000,0x00000000f1e99ad8,0x00000000f1f00000)
  to   space 32256K, 0% used [0x00000000ee000000,0x00000000ee000000,0x00000000eff80000)
 ParOldGen       total 102912K, used 43174K [0x0000000081a00000, 0x0000000087e80000, 0x00000000d5e00000)
  object space 102912K, 41% used [0x0000000081a00000,0x0000000084429a78,0x0000000087e80000)
 Metaspace       used 58289K, capacity 59020K, committed 59096K, reserved 1101824K
  class space    used 6990K, capacity 7164K, committed 7168K, reserved 1048576K
}
Event: 58.441 GC heap before
{Heap before GC invocations=19 (full 3):
 PSYoungGen      total 415232K, used 19558K [0x00000000d5e00000, 0x00000000f1f00000, 0x0000000100000000)
  eden space 395264K, 0% used [0x00000000d5e00000,0x00000000d5e00000,0x00000000ee000000)
  from space 19968K, 97% used [0x00000000f0b80000,0x00000000f1e99ad8,0x00000000f1f00000)
  to   space 32256K, 0% used [0x00000000ee000000,0x00000000ee000000,0x00000000eff80000)
 ParOldGen       total 102912K, used 43174K [0x0000000081a00000, 0x0000000087e80000, 0x00000000d5e00000)
  object space 102912K, 41% used [0x0000000081a00000,0x0000000084429a78,0x0000000087e80000)
 Metaspace       used 58289K, capacity 59020K, committed 59096K, reserved 1101824K
  class space    used 6990K, capacity 7164K, committed 7168K, reserved 1048576K
Event: 58.707 GC heap after
Heap after GC invocations=19 (full 3):
 PSYoungGen      total 415232K, used 0K [0x00000000d5e00000, 0x00000000f1f00000, 0x0000000100000000)
  eden space 395264K, 0% used [0x00000000d5e00000,0x00000000d5e00000,0x00000000ee000000)
  from space 19968K, 0% used [0x00000000f0b80000,0x00000000f0b80000,0x00000000f1f00000)
  to   space 32256K, 0% used [0x00000000ee000000,0x00000000ee000000,0x00000000eff80000)
 ParOldGen       total 163328K, used 45939K [0x0000000081a00000, 0x000000008b980000, 0x00000000d5e00000)
  object space 163328K, 28% used [0x0000000081a00000,0x00000000846dcfb8,0x000000008b980000)
 Metaspace       used 58214K, capacity 58900K, committed 59096K, reserved 1101824K
  class space    used 6979K, capacity 7144K, committed 7168K, reserved 1048576K
}
Event: 11848.139 GC heap before
{Heap before GC invocations=20 (full 3):
 PSYoungGen      total 415232K, used 395264K [0x00000000d5e00000, 0x00000000f1f00000, 0x0000000100000000)
  eden space 395264K, 100% used [0x00000000d5e00000,0x00000000ee000000,0x00000000ee000000)
  from space 19968K, 0% used [0x00000000f0b80000,0x00000000f0b80000,0x00000000f1f00000)
  to   space 32256K, 0% used [0x00000000ee000000,0x00000000ee000000,0x00000000eff80000)
 ParOldGen       total 163328K, used 45939K [0x0000000081a00000, 0x000000008b980000, 0x00000000d5e00000)
  object space 163328K, 28% used [0x0000000081a00000,0x00000000846dcfb8,0x000000008b980000)
 Metaspace       used 65218K, capacity 66178K, committed 66392K, reserved 1107968K
  class space    used 7502K, capacity 7733K, committed 7808K, reserved 1048576K
Event: 11848.257 GC heap after
Heap after GC invocations=20 (full 3):
 PSYoungGen      total 388096K, used 8102K [0x00000000d5e00000, 0x00000000f0f00000, 0x0000000100000000)
  eden space 379904K, 0% used [0x00000000d5e00000,0x00000000d5e00000,0x00000000ed100000)
  from space 8192K, 98% used [0x00000000ee000000,0x00000000ee7e9b80,0x00000000ee800000)
  to   space 31744K, 0% used [0x00000000ef000000,0x00000000ef000000,0x00000000f0f00000)
 ParOldGen       total 163328K, used 45947K [0x0000000081a00000, 0x000000008b980000, 0x00000000d5e00000)
  object space 163328K, 28% used [0x0000000081a00000,0x00000000846defb8,0x000000008b980000)
 Metaspace       used 65218K, capacity 66178K, committed 66392K, reserved 1107968K
  class space    used 7502K, capacity 7733K, committed 7808K, reserved 1048576K
}

